<?xml version="1.0" encoding="UTF-8"?>
<!-- Generated by org.testng.reporters.JUnitReportReporter -->
<testsuite hostname="LAPTOP-P05SA00D" failures="0" tests="1" name="com.mentoringtests.qa.TutorilasNinjaSearchValidproduct" time="20.546" errors="0" timestamp="2023-08-09T11:40:07 PDT" skipped="0">
  <testcase classname="com.mentoringtests.qa.TutorilasNinjaSearchValidproduct" name="tnSearchWithvalidProduct" time="20.546"/>
</testsuite> <!-- com.mentoringtests.qa.TutorilasNinjaSearchValidproduct -->
