<?xml version="1.0" encoding="UTF-8"?>
<!-- Generated by org.testng.reporters.JUnitReportReporter -->
<testsuite hostname="LAPTOP-P05SA00D" failures="0" tests="12" name="com.mentoringtests.qa.TurorialsNinjaLogin" time="85.169" errors="0" timestamp="2023-08-09T11:40:07 PDT" skipped="0">
  <testcase classname="com.mentoringtests.qa.TurorialsNinjaLogin" name="loginWithvalidCredentials" time="6.508"/>
  <testcase classname="com.mentoringtests.qa.TurorialsNinjaLogin" name="loginWithvalidCredentials" time="6.201"/>
  <testcase classname="com.mentoringtests.qa.TurorialsNinjaLogin" name="loginWithvalidCredentials" time="6.304"/>
  <testcase classname="com.mentoringtests.qa.TurorialsNinjaLogin" name="loginWithvalidCredentials" time="11.340"/>
  <testcase classname="com.mentoringtests.qa.TurorialsNinjaLogin" name="loginWithvalidCredentials" time="7.028"/>
  <testcase classname="com.mentoringtests.qa.TurorialsNinjaLogin" name="loginWithvalidCredentials" time="6.386"/>
  <testcase classname="com.mentoringtests.qa.TurorialsNinjaLogin" name="loginWithvalidCredentials" time="7.122"/>
  <testcase classname="com.mentoringtests.qa.TurorialsNinjaLogin" name="loginWithvalidCredentials" time="6.236"/>
  <testcase classname="com.mentoringtests.qa.TurorialsNinjaLogin" name="loginWithvalidCredentials" time="9.506"/>
  <testcase classname="com.mentoringtests.qa.TurorialsNinjaLogin" name="loginWithvalidCredentials" time="5.615"/>
  <testcase classname="com.mentoringtests.qa.TurorialsNinjaLogin" name="loginWithvalidCredentials" time="6.322"/>
  <testcase classname="com.mentoringtests.qa.TurorialsNinjaLogin" name="loginWithvalidCredentials" time="6.601"/>
</testsuite> <!-- com.mentoringtests.qa.TurorialsNinjaLogin -->
