<?xml version="1.0" encoding="UTF-8"?>
<!-- Generated by org.testng.reporters.JUnitReportReporter -->
<testsuite hostname="LAPTOP-P05SA00D" failures="0" tests="1" name="com.mentoringtests.qa.TryThisTestingWebsiteDropDownmenu" time="8.051" errors="0" timestamp="2023-08-09T11:40:07 PDT" skipped="0">
  <testcase classname="com.mentoringtests.qa.TryThisTestingWebsiteDropDownmenu" name="dropDownmenu" time="8.051"/>
</testsuite> <!-- com.mentoringtests.qa.TryThisTestingWebsiteDropDownmenu -->
