<?xml version="1.0" encoding="UTF-8"?>
<!-- Generated by org.testng.reporters.JUnitReportReporter -->
<testsuite hostname="LAPTOP-P05SA00D" failures="0" tests="1" name="com.mentoringtests.qa.TutorilasNinjaSearchValidproduct" time="20.154" errors="0" timestamp="2023-08-09T11:47:15 PDT" skipped="0">
  <testcase classname="com.mentoringtests.qa.TutorilasNinjaSearchValidproduct" name="tnSearchWithvalidProduct" time="20.154"/>
  <system-out/>
</testsuite> <!-- com.mentoringtests.qa.TutorilasNinjaSearchValidproduct -->
