<?xml version="1.0" encoding="UTF-8"?>
<!-- Generated by org.testng.reporters.JUnitReportReporter -->
<testsuite hostname="LAPTOP-P05SA00D" failures="0" tests="12" name="com.mentoringtests.qa.TurorialsNinjaLogin" time="79.213" errors="0" timestamp="2023-08-09T11:47:15 PDT" skipped="0">
  <testcase classname="com.mentoringtests.qa.TurorialsNinjaLogin" name="loginWithvalidCredentials" time="6.292"/>
  <system-out/>
  <testcase classname="com.mentoringtests.qa.TurorialsNinjaLogin" name="loginWithvalidCredentials" time="6.322"/>
  <system-out/>
  <testcase classname="com.mentoringtests.qa.TurorialsNinjaLogin" name="loginWithvalidCredentials" time="7.020"/>
  <system-out/>
  <testcase classname="com.mentoringtests.qa.TurorialsNinjaLogin" name="loginWithvalidCredentials" time="7.255"/>
  <system-out/>
  <testcase classname="com.mentoringtests.qa.TurorialsNinjaLogin" name="loginWithvalidCredentials" time="6.614"/>
  <system-out/>
  <testcase classname="com.mentoringtests.qa.TurorialsNinjaLogin" name="loginWithvalidCredentials" time="6.611"/>
  <system-out/>
  <testcase classname="com.mentoringtests.qa.TurorialsNinjaLogin" name="loginWithvalidCredentials" time="6.622"/>
  <system-out/>
  <testcase classname="com.mentoringtests.qa.TurorialsNinjaLogin" name="loginWithvalidCredentials" time="6.568"/>
  <system-out/>
  <testcase classname="com.mentoringtests.qa.TurorialsNinjaLogin" name="loginWithvalidCredentials" time="6.275"/>
  <system-out/>
  <testcase classname="com.mentoringtests.qa.TurorialsNinjaLogin" name="loginWithvalidCredentials" time="6.181"/>
  <system-out/>
  <testcase classname="com.mentoringtests.qa.TurorialsNinjaLogin" name="loginWithvalidCredentials" time="6.315"/>
  <system-out/>
  <testcase classname="com.mentoringtests.qa.TurorialsNinjaLogin" name="loginWithvalidCredentials" time="7.138"/>
  <system-out/>
</testsuite> <!-- com.mentoringtests.qa.TurorialsNinjaLogin -->
